[Wed, 26 Jun 13 20:23:07 -0700][ERROR] [8] Undefined variable: app (File: /web/api/src/application/library/App/Bootstrap.php Line: [85])
[Wed, 26 Jun 13 20:27:02 -0700][ERROR] [8] Undefined variable: config (File: /web/api/src/application/config/router.php Line: [4])
[Wed, 26 Jun 13 20:27:02 -0700][ERROR] [8] Trying to get property of non-object (File: /web/api/src/application/config/router.php Line: [4])
[Wed, 26 Jun 13 20:27:02 -0700][ERROR] [8] Trying to get property of non-object (File: /web/api/src/application/config/router.php Line: [4])
[Wed, 26 Jun 13 20:27:05 -0700][ERROR] [8] Undefined variable: config (File: /web/api/src/application/config/router.php Line: [4])
[Wed, 26 Jun 13 20:27:05 -0700][ERROR] [8] Trying to get property of non-object (File: /web/api/src/application/config/router.php Line: [4])
[Wed, 26 Jun 13 20:27:05 -0700][ERROR] [8] Trying to get property of non-object (File: /web/api/src/application/config/router.php Line: [4])
[Wed, 26 Jun 13 20:27:06 -0700][ERROR] [8] Undefined variable: config (File: /web/api/src/application/config/router.php Line: [4])
[Wed, 26 Jun 13 20:27:06 -0700][ERROR] [8] Trying to get property of non-object (File: /web/api/src/application/config/router.php Line: [4])
[Wed, 26 Jun 13 20:27:06 -0700][ERROR] [8] Trying to get property of non-object (File: /web/api/src/application/config/router.php Line: [4])
[Wed, 26 Jun 13 20:27:06 -0700][ERROR] [8] Undefined variable: config (File: /web/api/src/application/config/router.php Line: [4])
[Wed, 26 Jun 13 20:27:06 -0700][ERROR] [8] Trying to get property of non-object (File: /web/api/src/application/config/router.php Line: [4])
[Wed, 26 Jun 13 20:27:06 -0700][ERROR] [8] Trying to get property of non-object (File: /web/api/src/application/config/router.php Line: [4])
[Wed, 26 Jun 13 20:27:06 -0700][ERROR] [8] Undefined variable: config (File: /web/api/src/application/config/router.php Line: [4])
[Wed, 26 Jun 13 20:27:06 -0700][ERROR] [8] Trying to get property of non-object (File: /web/api/src/application/config/router.php Line: [4])
[Wed, 26 Jun 13 20:27:06 -0700][ERROR] [8] Trying to get property of non-object (File: /web/api/src/application/config/router.php Line: [4])
[Wed, 26 Jun 13 20:27:07 -0700][ERROR] [8] Undefined variable: config (File: /web/api/src/application/config/router.php Line: [4])
[Wed, 26 Jun 13 20:27:07 -0700][ERROR] [8] Trying to get property of non-object (File: /web/api/src/application/config/router.php Line: [4])
[Wed, 26 Jun 13 20:27:07 -0700][ERROR] [8] Trying to get property of non-object (File: /web/api/src/application/config/router.php Line: [4])
[Wed, 26 Jun 13 20:27:07 -0700][ERROR] [8] Undefined variable: config (File: /web/api/src/application/config/router.php Line: [4])
[Wed, 26 Jun 13 20:27:07 -0700][ERROR] [8] Trying to get property of non-object (File: /web/api/src/application/config/router.php Line: [4])
[Wed, 26 Jun 13 20:27:07 -0700][ERROR] [8] Trying to get property of non-object (File: /web/api/src/application/config/router.php Line: [4])
[Wed, 26 Jun 13 20:27:07 -0700][ERROR] [8] Undefined variable: config (File: /web/api/src/application/config/router.php Line: [4])
[Wed, 26 Jun 13 20:27:07 -0700][ERROR] [8] Trying to get property of non-object (File: /web/api/src/application/config/router.php Line: [4])
[Wed, 26 Jun 13 20:27:07 -0700][ERROR] [8] Trying to get property of non-object (File: /web/api/src/application/config/router.php Line: [4])
[Wed, 26 Jun 13 20:27:07 -0700][ERROR] [8] Undefined variable: config (File: /web/api/src/application/config/router.php Line: [4])
[Wed, 26 Jun 13 20:27:07 -0700][ERROR] [8] Trying to get property of non-object (File: /web/api/src/application/config/router.php Line: [4])
[Wed, 26 Jun 13 20:27:07 -0700][ERROR] [8] Trying to get property of non-object (File: /web/api/src/application/config/router.php Line: [4])
[Wed, 26 Jun 13 20:27:07 -0700][ERROR] [8] Undefined variable: config (File: /web/api/src/application/config/router.php Line: [4])
[Wed, 26 Jun 13 20:27:07 -0700][ERROR] [8] Trying to get property of non-object (File: /web/api/src/application/config/router.php Line: [4])
[Wed, 26 Jun 13 20:27:07 -0700][ERROR] [8] Trying to get property of non-object (File: /web/api/src/application/config/router.php Line: [4])
[Wed, 26 Jun 13 20:27:08 -0700][ERROR] [8] Undefined variable: config (File: /web/api/src/application/config/router.php Line: [4])
[Wed, 26 Jun 13 20:27:08 -0700][ERROR] [8] Trying to get property of non-object (File: /web/api/src/application/config/router.php Line: [4])
[Wed, 26 Jun 13 20:27:08 -0700][ERROR] [8] Trying to get property of non-object (File: /web/api/src/application/config/router.php Line: [4])
[Wed, 26 Jun 13 20:27:08 -0700][ERROR] [8] Undefined variable: config (File: /web/api/src/application/config/router.php Line: [4])
[Wed, 26 Jun 13 20:27:08 -0700][ERROR] [8] Trying to get property of non-object (File: /web/api/src/application/config/router.php Line: [4])
[Wed, 26 Jun 13 20:27:08 -0700][ERROR] [8] Trying to get property of non-object (File: /web/api/src/application/config/router.php Line: [4])
[Wed, 26 Jun 13 20:27:08 -0700][ERROR] [8] Undefined variable: config (File: /web/api/src/application/config/router.php Line: [4])
[Wed, 26 Jun 13 20:27:08 -0700][ERROR] [8] Trying to get property of non-object (File: /web/api/src/application/config/router.php Line: [4])
[Wed, 26 Jun 13 20:27:08 -0700][ERROR] [8] Trying to get property of non-object (File: /web/api/src/application/config/router.php Line: [4])
[Wed, 26 Jun 13 20:27:08 -0700][ERROR] [8] Undefined variable: config (File: /web/api/src/application/config/router.php Line: [4])
[Wed, 26 Jun 13 20:27:08 -0700][ERROR] [8] Trying to get property of non-object (File: /web/api/src/application/config/router.php Line: [4])
[Wed, 26 Jun 13 20:27:08 -0700][ERROR] [8] Trying to get property of non-object (File: /web/api/src/application/config/router.php Line: [4])
[Wed, 26 Jun 13 20:27:20 -0700][ERROR] [8] Undefined variable: config (File: /web/api/src/application/config/router.php Line: [4])
[Wed, 26 Jun 13 20:27:20 -0700][ERROR] [8] Trying to get property of non-object (File: /web/api/src/application/config/router.php Line: [4])
[Wed, 26 Jun 13 20:27:20 -0700][ERROR] [8] Trying to get property of non-object (File: /web/api/src/application/config/router.php Line: [4])
[Wed, 26 Jun 13 20:27:21 -0700][ERROR] [8] Undefined variable: config (File: /web/api/src/application/config/router.php Line: [4])
[Wed, 26 Jun 13 20:27:21 -0700][ERROR] [8] Trying to get property of non-object (File: /web/api/src/application/config/router.php Line: [4])
[Wed, 26 Jun 13 20:27:21 -0700][ERROR] [8] Trying to get property of non-object (File: /web/api/src/application/config/router.php Line: [4])
[Wed, 26 Jun 13 20:27:22 -0700][ERROR] [8] Undefined variable: config (File: /web/api/src/application/config/router.php Line: [4])
[Wed, 26 Jun 13 20:27:22 -0700][ERROR] [8] Trying to get property of non-object (File: /web/api/src/application/config/router.php Line: [4])
[Wed, 26 Jun 13 20:27:22 -0700][ERROR] [8] Trying to get property of non-object (File: /web/api/src/application/config/router.php Line: [4])
[Wed, 26 Jun 13 20:27:23 -0700][ERROR] [8] Undefined variable: config (File: /web/api/src/application/config/router.php Line: [4])
[Wed, 26 Jun 13 20:27:23 -0700][ERROR] [8] Trying to get property of non-object (File: /web/api/src/application/config/router.php Line: [4])
[Wed, 26 Jun 13 20:27:23 -0700][ERROR] [8] Trying to get property of non-object (File: /web/api/src/application/config/router.php Line: [4])
[Wed, 26 Jun 13 20:27:23 -0700][ERROR] [8] Undefined variable: config (File: /web/api/src/application/config/router.php Line: [4])
[Wed, 26 Jun 13 20:27:23 -0700][ERROR] [8] Trying to get property of non-object (File: /web/api/src/application/config/router.php Line: [4])
[Wed, 26 Jun 13 20:27:23 -0700][ERROR] [8] Trying to get property of non-object (File: /web/api/src/application/config/router.php Line: [4])
[Wed, 26 Jun 13 20:27:23 -0700][ERROR] [8] Undefined variable: config (File: /web/api/src/application/config/router.php Line: [4])
[Wed, 26 Jun 13 20:27:23 -0700][ERROR] [8] Trying to get property of non-object (File: /web/api/src/application/config/router.php Line: [4])
[Wed, 26 Jun 13 20:27:23 -0700][ERROR] [8] Trying to get property of non-object (File: /web/api/src/application/config/router.php Line: [4])
[Wed, 26 Jun 13 20:27:23 -0700][ERROR] [8] Undefined variable: config (File: /web/api/src/application/config/router.php Line: [4])
[Wed, 26 Jun 13 20:27:23 -0700][ERROR] [8] Trying to get property of non-object (File: /web/api/src/application/config/router.php Line: [4])
[Wed, 26 Jun 13 20:27:23 -0700][ERROR] [8] Trying to get property of non-object (File: /web/api/src/application/config/router.php Line: [4])
[Wed, 26 Jun 13 20:27:23 -0700][ERROR] [8] Undefined variable: config (File: /web/api/src/application/config/router.php Line: [4])
[Wed, 26 Jun 13 20:27:23 -0700][ERROR] [8] Trying to get property of non-object (File: /web/api/src/application/config/router.php Line: [4])
[Wed, 26 Jun 13 20:27:23 -0700][ERROR] [8] Trying to get property of non-object (File: /web/api/src/application/config/router.php Line: [4])
[Wed, 26 Jun 13 20:27:23 -0700][ERROR] [8] Undefined variable: config (File: /web/api/src/application/config/router.php Line: [4])
[Wed, 26 Jun 13 20:27:23 -0700][ERROR] [8] Trying to get property of non-object (File: /web/api/src/application/config/router.php Line: [4])
[Wed, 26 Jun 13 20:27:23 -0700][ERROR] [8] Trying to get property of non-object (File: /web/api/src/application/config/router.php Line: [4])
[Wed, 26 Jun 13 20:27:24 -0700][ERROR] [8] Undefined variable: config (File: /web/api/src/application/config/router.php Line: [4])
[Wed, 26 Jun 13 20:27:24 -0700][ERROR] [8] Trying to get property of non-object (File: /web/api/src/application/config/router.php Line: [4])
[Wed, 26 Jun 13 20:27:24 -0700][ERROR] [8] Trying to get property of non-object (File: /web/api/src/application/config/router.php Line: [4])
[Wed, 26 Jun 13 20:27:24 -0700][ERROR] [8] Undefined variable: config (File: /web/api/src/application/config/router.php Line: [4])
[Wed, 26 Jun 13 20:27:24 -0700][ERROR] [8] Trying to get property of non-object (File: /web/api/src/application/config/router.php Line: [4])
[Wed, 26 Jun 13 20:27:24 -0700][ERROR] [8] Trying to get property of non-object (File: /web/api/src/application/config/router.php Line: [4])
[Wed, 26 Jun 13 20:27:24 -0700][ERROR] [8] Undefined variable: config (File: /web/api/src/application/config/router.php Line: [4])
[Wed, 26 Jun 13 20:27:24 -0700][ERROR] [8] Trying to get property of non-object (File: /web/api/src/application/config/router.php Line: [4])
[Wed, 26 Jun 13 20:27:24 -0700][ERROR] [8] Trying to get property of non-object (File: /web/api/src/application/config/router.php Line: [4])
[Wed, 26 Jun 13 20:27:24 -0700][ERROR] [8] Undefined variable: config (File: /web/api/src/application/config/router.php Line: [4])
[Wed, 26 Jun 13 20:27:24 -0700][ERROR] [8] Trying to get property of non-object (File: /web/api/src/application/config/router.php Line: [4])
[Wed, 26 Jun 13 20:27:24 -0700][ERROR] [8] Trying to get property of non-object (File: /web/api/src/application/config/router.php Line: [4])
[Wed, 26 Jun 13 20:27:24 -0700][ERROR] [8] Undefined variable: config (File: /web/api/src/application/config/router.php Line: [4])
[Wed, 26 Jun 13 20:27:24 -0700][ERROR] [8] Trying to get property of non-object (File: /web/api/src/application/config/router.php Line: [4])
[Wed, 26 Jun 13 20:27:24 -0700][ERROR] [8] Trying to get property of non-object (File: /web/api/src/application/config/router.php Line: [4])
[Wed, 26 Jun 13 20:27:25 -0700][ERROR] [8] Undefined variable: config (File: /web/api/src/application/config/router.php Line: [4])
[Wed, 26 Jun 13 20:27:25 -0700][ERROR] [8] Trying to get property of non-object (File: /web/api/src/application/config/router.php Line: [4])
[Wed, 26 Jun 13 20:27:25 -0700][ERROR] [8] Trying to get property of non-object (File: /web/api/src/application/config/router.php Line: [4])
[Wed, 26 Jun 13 20:27:25 -0700][ERROR] [8] Undefined variable: config (File: /web/api/src/application/config/router.php Line: [4])
[Wed, 26 Jun 13 20:27:25 -0700][ERROR] [8] Trying to get property of non-object (File: /web/api/src/application/config/router.php Line: [4])
[Wed, 26 Jun 13 20:27:25 -0700][ERROR] [8] Trying to get property of non-object (File: /web/api/src/application/config/router.php Line: [4])
[Wed, 26 Jun 13 20:27:25 -0700][ERROR] [8] Undefined variable: config (File: /web/api/src/application/config/router.php Line: [4])
[Wed, 26 Jun 13 20:27:25 -0700][ERROR] [8] Trying to get property of non-object (File: /web/api/src/application/config/router.php Line: [4])
[Wed, 26 Jun 13 20:27:25 -0700][ERROR] [8] Trying to get property of non-object (File: /web/api/src/application/config/router.php Line: [4])
[Wed, 26 Jun 13 20:27:25 -0700][ERROR] [8] Undefined variable: config (File: /web/api/src/application/config/router.php Line: [4])
[Wed, 26 Jun 13 20:27:25 -0700][ERROR] [8] Trying to get property of non-object (File: /web/api/src/application/config/router.php Line: [4])
[Wed, 26 Jun 13 20:27:25 -0700][ERROR] [8] Trying to get property of non-object (File: /web/api/src/application/config/router.php Line: [4])
[Wed, 26 Jun 13 20:27:25 -0700][ERROR] [8] Undefined variable: config (File: /web/api/src/application/config/router.php Line: [4])
[Wed, 26 Jun 13 20:27:25 -0700][ERROR] [8] Trying to get property of non-object (File: /web/api/src/application/config/router.php Line: [4])
[Wed, 26 Jun 13 20:27:25 -0700][ERROR] [8] Trying to get property of non-object (File: /web/api/src/application/config/router.php Line: [4])
[Wed, 26 Jun 13 20:27:25 -0700][ERROR] [8] Undefined variable: config (File: /web/api/src/application/config/router.php Line: [4])
[Wed, 26 Jun 13 20:27:25 -0700][ERROR] [8] Trying to get property of non-object (File: /web/api/src/application/config/router.php Line: [4])
[Wed, 26 Jun 13 20:27:25 -0700][ERROR] [8] Trying to get property of non-object (File: /web/api/src/application/config/router.php Line: [4])
[Wed, 26 Jun 13 20:33:48 -0700][ERROR] [8] Undefined variable: config (File: /web/api/src/application/config/router.php Line: [4])
[Wed, 26 Jun 13 20:33:48 -0700][ERROR] [8] Trying to get property of non-object (File: /web/api/src/application/config/router.php Line: [4])
[Wed, 26 Jun 13 20:33:48 -0700][ERROR] [8] Trying to get property of non-object (File: /web/api/src/application/config/router.php Line: [4])
[Wed, 26 Jun 13 20:33:49 -0700][ERROR] [8] Undefined variable: config (File: /web/api/src/application/config/router.php Line: [4])
[Wed, 26 Jun 13 20:33:49 -0700][ERROR] [8] Trying to get property of non-object (File: /web/api/src/application/config/router.php Line: [4])
[Wed, 26 Jun 13 20:33:49 -0700][ERROR] [8] Trying to get property of non-object (File: /web/api/src/application/config/router.php Line: [4])
[Wed, 26 Jun 13 20:33:50 -0700][ERROR] [8] Undefined variable: config (File: /web/api/src/application/config/router.php Line: [4])
[Wed, 26 Jun 13 20:33:50 -0700][ERROR] [8] Trying to get property of non-object (File: /web/api/src/application/config/router.php Line: [4])
[Wed, 26 Jun 13 20:33:50 -0700][ERROR] [8] Trying to get property of non-object (File: /web/api/src/application/config/router.php Line: [4])
[Wed, 26 Jun 13 20:33:50 -0700][ERROR] [8] Undefined variable: config (File: /web/api/src/application/config/router.php Line: [4])
[Wed, 26 Jun 13 20:33:50 -0700][ERROR] [8] Trying to get property of non-object (File: /web/api/src/application/config/router.php Line: [4])
[Wed, 26 Jun 13 20:33:50 -0700][ERROR] [8] Trying to get property of non-object (File: /web/api/src/application/config/router.php Line: [4])
[Wed, 26 Jun 13 20:33:50 -0700][ERROR] [8] Undefined variable: config (File: /web/api/src/application/config/router.php Line: [4])
[Wed, 26 Jun 13 20:33:50 -0700][ERROR] [8] Trying to get property of non-object (File: /web/api/src/application/config/router.php Line: [4])
[Wed, 26 Jun 13 20:33:50 -0700][ERROR] [8] Trying to get property of non-object (File: /web/api/src/application/config/router.php Line: [4])
[Wed, 26 Jun 13 20:33:50 -0700][ERROR] [8] Undefined variable: config (File: /web/api/src/application/config/router.php Line: [4])
[Wed, 26 Jun 13 20:33:50 -0700][ERROR] [8] Trying to get property of non-object (File: /web/api/src/application/config/router.php Line: [4])
[Wed, 26 Jun 13 20:33:50 -0700][ERROR] [8] Trying to get property of non-object (File: /web/api/src/application/config/router.php Line: [4])
[Wed, 26 Jun 13 20:33:50 -0700][ERROR] [8] Undefined variable: config (File: /web/api/src/application/config/router.php Line: [4])
[Wed, 26 Jun 13 20:33:50 -0700][ERROR] [8] Trying to get property of non-object (File: /web/api/src/application/config/router.php Line: [4])
[Wed, 26 Jun 13 20:33:50 -0700][ERROR] [8] Trying to get property of non-object (File: /web/api/src/application/config/router.php Line: [4])
[Wed, 26 Jun 13 20:33:51 -0700][ERROR] [8] Undefined variable: config (File: /web/api/src/application/config/router.php Line: [4])
[Wed, 26 Jun 13 20:33:51 -0700][ERROR] [8] Trying to get property of non-object (File: /web/api/src/application/config/router.php Line: [4])
[Wed, 26 Jun 13 20:33:51 -0700][ERROR] [8] Trying to get property of non-object (File: /web/api/src/application/config/router.php Line: [4])
[Wed, 26 Jun 13 20:33:51 -0700][ERROR] [8] Undefined variable: config (File: /web/api/src/application/config/router.php Line: [4])
[Wed, 26 Jun 13 20:33:51 -0700][ERROR] [8] Trying to get property of non-object (File: /web/api/src/application/config/router.php Line: [4])
[Wed, 26 Jun 13 20:33:51 -0700][ERROR] [8] Trying to get property of non-object (File: /web/api/src/application/config/router.php Line: [4])
[Wed, 26 Jun 13 20:33:51 -0700][ERROR] [8] Undefined variable: config (File: /web/api/src/application/config/router.php Line: [4])
[Wed, 26 Jun 13 20:33:51 -0700][ERROR] [8] Trying to get property of non-object (File: /web/api/src/application/config/router.php Line: [4])
[Wed, 26 Jun 13 20:33:51 -0700][ERROR] [8] Trying to get property of non-object (File: /web/api/src/application/config/router.php Line: [4])
[Wed, 26 Jun 13 20:33:51 -0700][ERROR] [8] Undefined variable: config (File: /web/api/src/application/config/router.php Line: [4])
[Wed, 26 Jun 13 20:33:51 -0700][ERROR] [8] Trying to get property of non-object (File: /web/api/src/application/config/router.php Line: [4])
[Wed, 26 Jun 13 20:33:51 -0700][ERROR] [8] Trying to get property of non-object (File: /web/api/src/application/config/router.php Line: [4])
[Wed, 26 Jun 13 20:33:51 -0700][ERROR] [8] Undefined variable: config (File: /web/api/src/application/config/router.php Line: [4])
[Wed, 26 Jun 13 20:33:51 -0700][ERROR] [8] Trying to get property of non-object (File: /web/api/src/application/config/router.php Line: [4])
[Wed, 26 Jun 13 20:33:51 -0700][ERROR] [8] Trying to get property of non-object (File: /web/api/src/application/config/router.php Line: [4])
[Wed, 26 Jun 13 20:33:52 -0700][ERROR] [8] Undefined variable: config (File: /web/api/src/application/config/router.php Line: [4])
[Wed, 26 Jun 13 20:33:52 -0700][ERROR] [8] Trying to get property of non-object (File: /web/api/src/application/config/router.php Line: [4])
[Wed, 26 Jun 13 20:33:52 -0700][ERROR] [8] Trying to get property of non-object (File: /web/api/src/application/config/router.php Line: [4])
[Wed, 26 Jun 13 20:33:52 -0700][ERROR] [8] Undefined variable: config (File: /web/api/src/application/config/router.php Line: [4])
[Wed, 26 Jun 13 20:33:52 -0700][ERROR] [8] Trying to get property of non-object (File: /web/api/src/application/config/router.php Line: [4])
[Wed, 26 Jun 13 20:33:52 -0700][ERROR] [8] Trying to get property of non-object (File: /web/api/src/application/config/router.php Line: [4])
[Wed, 26 Jun 13 20:33:52 -0700][ERROR] [8] Undefined variable: config (File: /web/api/src/application/config/router.php Line: [4])
[Wed, 26 Jun 13 20:33:52 -0700][ERROR] [8] Trying to get property of non-object (File: /web/api/src/application/config/router.php Line: [4])
[Wed, 26 Jun 13 20:33:52 -0700][ERROR] [8] Trying to get property of non-object (File: /web/api/src/application/config/router.php Line: [4])
[Wed, 26 Jun 13 20:33:52 -0700][ERROR] [8] Undefined variable: config (File: /web/api/src/application/config/router.php Line: [4])
[Wed, 26 Jun 13 20:33:52 -0700][ERROR] [8] Trying to get property of non-object (File: /web/api/src/application/config/router.php Line: [4])
[Wed, 26 Jun 13 20:33:52 -0700][ERROR] [8] Trying to get property of non-object (File: /web/api/src/application/config/router.php Line: [4])
[Wed, 26 Jun 13 20:33:52 -0700][ERROR] [8] Undefined variable: config (File: /web/api/src/application/config/router.php Line: [4])
[Wed, 26 Jun 13 20:33:52 -0700][ERROR] [8] Trying to get property of non-object (File: /web/api/src/application/config/router.php Line: [4])
[Wed, 26 Jun 13 20:33:52 -0700][ERROR] [8] Trying to get property of non-object (File: /web/api/src/application/config/router.php Line: [4])
[Wed, 26 Jun 13 20:33:53 -0700][ERROR] [8] Undefined variable: config (File: /web/api/src/application/config/router.php Line: [4])
[Wed, 26 Jun 13 20:33:53 -0700][ERROR] [8] Trying to get property of non-object (File: /web/api/src/application/config/router.php Line: [4])
[Wed, 26 Jun 13 20:33:53 -0700][ERROR] [8] Trying to get property of non-object (File: /web/api/src/application/config/router.php Line: [4])
[Wed, 26 Jun 13 20:33:53 -0700][ERROR] [8] Undefined variable: config (File: /web/api/src/application/config/router.php Line: [4])
[Wed, 26 Jun 13 20:33:53 -0700][ERROR] [8] Trying to get property of non-object (File: /web/api/src/application/config/router.php Line: [4])
[Wed, 26 Jun 13 20:33:53 -0700][ERROR] [8] Trying to get property of non-object (File: /web/api/src/application/config/router.php Line: [4])
[Wed, 26 Jun 13 20:33:53 -0700][ERROR] [8] Undefined variable: config (File: /web/api/src/application/config/router.php Line: [4])
[Wed, 26 Jun 13 20:33:53 -0700][ERROR] [8] Trying to get property of non-object (File: /web/api/src/application/config/router.php Line: [4])
[Wed, 26 Jun 13 20:33:53 -0700][ERROR] [8] Trying to get property of non-object (File: /web/api/src/application/config/router.php Line: [4])
[Wed, 26 Jun 13 20:33:53 -0700][ERROR] [8] Undefined variable: config (File: /web/api/src/application/config/router.php Line: [4])
[Wed, 26 Jun 13 20:33:53 -0700][ERROR] [8] Trying to get property of non-object (File: /web/api/src/application/config/router.php Line: [4])
[Wed, 26 Jun 13 20:33:53 -0700][ERROR] [8] Trying to get property of non-object (File: /web/api/src/application/config/router.php Line: [4])
[Wed, 26 Jun 13 20:33:53 -0700][ERROR] [8] Undefined variable: config (File: /web/api/src/application/config/router.php Line: [4])
[Wed, 26 Jun 13 20:33:53 -0700][ERROR] [8] Trying to get property of non-object (File: /web/api/src/application/config/router.php Line: [4])
[Wed, 26 Jun 13 20:33:53 -0700][ERROR] [8] Trying to get property of non-object (File: /web/api/src/application/config/router.php Line: [4])
[Wed, 26 Jun 13 20:33:54 -0700][ERROR] [8] Undefined variable: config (File: /web/api/src/application/config/router.php Line: [4])
[Wed, 26 Jun 13 20:33:54 -0700][ERROR] [8] Trying to get property of non-object (File: /web/api/src/application/config/router.php Line: [4])
[Wed, 26 Jun 13 20:33:54 -0700][ERROR] [8] Trying to get property of non-object (File: /web/api/src/application/config/router.php Line: [4])
[Wed, 26 Jun 13 20:33:54 -0700][ERROR] [8] Undefined variable: config (File: /web/api/src/application/config/router.php Line: [4])
[Wed, 26 Jun 13 20:33:54 -0700][ERROR] [8] Trying to get property of non-object (File: /web/api/src/application/config/router.php Line: [4])
[Wed, 26 Jun 13 20:33:54 -0700][ERROR] [8] Trying to get property of non-object (File: /web/api/src/application/config/router.php Line: [4])
[Wed, 26 Jun 13 20:35:52 -0700][ERROR] [8] Undefined variable: config (File: /web/api/src/application/config/router.php Line: [4])
[Wed, 26 Jun 13 20:35:52 -0700][ERROR] [8] Trying to get property of non-object (File: /web/api/src/application/config/router.php Line: [4])
[Wed, 26 Jun 13 20:35:52 -0700][ERROR] [8] Trying to get property of non-object (File: /web/api/src/application/config/router.php Line: [4])
[Wed, 26 Jun 13 20:35:54 -0700][ERROR] [8] Undefined variable: config (File: /web/api/src/application/config/router.php Line: [4])
[Wed, 26 Jun 13 20:35:54 -0700][ERROR] [8] Trying to get property of non-object (File: /web/api/src/application/config/router.php Line: [4])
[Wed, 26 Jun 13 20:35:54 -0700][ERROR] [8] Trying to get property of non-object (File: /web/api/src/application/config/router.php Line: [4])
[Wed, 26 Jun 13 20:35:55 -0700][ERROR] [8] Undefined variable: config (File: /web/api/src/application/config/router.php Line: [4])
[Wed, 26 Jun 13 20:35:55 -0700][ERROR] [8] Trying to get property of non-object (File: /web/api/src/application/config/router.php Line: [4])
[Wed, 26 Jun 13 20:35:55 -0700][ERROR] [8] Trying to get property of non-object (File: /web/api/src/application/config/router.php Line: [4])
[Wed, 26 Jun 13 20:35:55 -0700][ERROR] [8] Undefined variable: config (File: /web/api/src/application/config/router.php Line: [4])
[Wed, 26 Jun 13 20:35:55 -0700][ERROR] [8] Trying to get property of non-object (File: /web/api/src/application/config/router.php Line: [4])
[Wed, 26 Jun 13 20:35:55 -0700][ERROR] [8] Trying to get property of non-object (File: /web/api/src/application/config/router.php Line: [4])
[Wed, 26 Jun 13 20:35:55 -0700][ERROR] [8] Undefined variable: config (File: /web/api/src/application/config/router.php Line: [4])
[Wed, 26 Jun 13 20:35:55 -0700][ERROR] [8] Trying to get property of non-object (File: /web/api/src/application/config/router.php Line: [4])
[Wed, 26 Jun 13 20:35:55 -0700][ERROR] [8] Trying to get property of non-object (File: /web/api/src/application/config/router.php Line: [4])
[Wed, 26 Jun 13 20:35:56 -0700][ERROR] [8] Undefined variable: config (File: /web/api/src/application/config/router.php Line: [4])
[Wed, 26 Jun 13 20:35:56 -0700][ERROR] [8] Trying to get property of non-object (File: /web/api/src/application/config/router.php Line: [4])
[Wed, 26 Jun 13 20:35:56 -0700][ERROR] [8] Trying to get property of non-object (File: /web/api/src/application/config/router.php Line: [4])
[Wed, 26 Jun 13 20:35:56 -0700][ERROR] [8] Undefined variable: config (File: /web/api/src/application/config/router.php Line: [4])
[Wed, 26 Jun 13 20:35:56 -0700][ERROR] [8] Trying to get property of non-object (File: /web/api/src/application/config/router.php Line: [4])
[Wed, 26 Jun 13 20:35:56 -0700][ERROR] [8] Trying to get property of non-object (File: /web/api/src/application/config/router.php Line: [4])
[Wed, 26 Jun 13 20:38:46 -0700][ERROR] [8] Undefined variable: config (File: /web/api/src/application/library/App/Bootstrap.php Line: [260])
[Wed, 26 Jun 13 20:38:46 -0700][ERROR] [8] Trying to get property of non-object (File: /web/api/src/application/library/App/Bootstrap.php Line: [260])
[Wed, 26 Jun 13 20:38:46 -0700][ERROR] [8] Trying to get property of non-object (File: /web/api/src/application/library/App/Bootstrap.php Line: [260])
[Wed, 26 Jun 13 20:40:12 -0700][ERROR] [8] Undefined variable: config (File: /web/api/src/application/library/App/Bootstrap.php Line: [260])
[Wed, 26 Jun 13 20:40:12 -0700][ERROR] [8] Trying to get property of non-object (File: /web/api/src/application/library/App/Bootstrap.php Line: [260])
[Wed, 26 Jun 13 20:40:12 -0700][ERROR] [8] Trying to get property of non-object (File: /web/api/src/application/library/App/Bootstrap.php Line: [260])
[Wed, 26 Jun 13 20:40:13 -0700][ERROR] [8] Undefined variable: config (File: /web/api/src/application/library/App/Bootstrap.php Line: [260])
[Wed, 26 Jun 13 20:40:13 -0700][ERROR] [8] Trying to get property of non-object (File: /web/api/src/application/library/App/Bootstrap.php Line: [260])
[Wed, 26 Jun 13 20:40:13 -0700][ERROR] [8] Trying to get property of non-object (File: /web/api/src/application/library/App/Bootstrap.php Line: [260])
[Wed, 26 Jun 13 20:40:14 -0700][ERROR] [8] Undefined variable: config (File: /web/api/src/application/library/App/Bootstrap.php Line: [260])
[Wed, 26 Jun 13 20:40:14 -0700][ERROR] [8] Trying to get property of non-object (File: /web/api/src/application/library/App/Bootstrap.php Line: [260])
[Wed, 26 Jun 13 20:40:14 -0700][ERROR] [8] Trying to get property of non-object (File: /web/api/src/application/library/App/Bootstrap.php Line: [260])
[Wed, 26 Jun 13 20:40:14 -0700][ERROR] [8] Undefined variable: config (File: /web/api/src/application/library/App/Bootstrap.php Line: [260])
[Wed, 26 Jun 13 20:40:14 -0700][ERROR] [8] Trying to get property of non-object (File: /web/api/src/application/library/App/Bootstrap.php Line: [260])
[Wed, 26 Jun 13 20:40:14 -0700][ERROR] [8] Trying to get property of non-object (File: /web/api/src/application/library/App/Bootstrap.php Line: [260])
[Wed, 26 Jun 13 20:40:14 -0700][ERROR] [8] Undefined variable: config (File: /web/api/src/application/library/App/Bootstrap.php Line: [260])
[Wed, 26 Jun 13 20:40:14 -0700][ERROR] [8] Trying to get property of non-object (File: /web/api/src/application/library/App/Bootstrap.php Line: [260])
[Wed, 26 Jun 13 20:40:14 -0700][ERROR] [8] Trying to get property of non-object (File: /web/api/src/application/library/App/Bootstrap.php Line: [260])
[Wed, 26 Jun 13 20:40:14 -0700][ERROR] [8] Undefined variable: config (File: /web/api/src/application/library/App/Bootstrap.php Line: [260])
[Wed, 26 Jun 13 20:40:14 -0700][ERROR] [8] Trying to get property of non-object (File: /web/api/src/application/library/App/Bootstrap.php Line: [260])
[Wed, 26 Jun 13 20:40:14 -0700][ERROR] [8] Trying to get property of non-object (File: /web/api/src/application/library/App/Bootstrap.php Line: [260])
[Wed, 26 Jun 13 20:40:14 -0700][ERROR] [8] Undefined variable: config (File: /web/api/src/application/library/App/Bootstrap.php Line: [260])
[Wed, 26 Jun 13 20:40:14 -0700][ERROR] [8] Trying to get property of non-object (File: /web/api/src/application/library/App/Bootstrap.php Line: [260])
[Wed, 26 Jun 13 20:40:14 -0700][ERROR] [8] Trying to get property of non-object (File: /web/api/src/application/library/App/Bootstrap.php Line: [260])
[Wed, 26 Jun 13 20:40:15 -0700][ERROR] [8] Undefined variable: config (File: /web/api/src/application/library/App/Bootstrap.php Line: [260])
[Wed, 26 Jun 13 20:40:15 -0700][ERROR] [8] Trying to get property of non-object (File: /web/api/src/application/library/App/Bootstrap.php Line: [260])
[Wed, 26 Jun 13 20:40:15 -0700][ERROR] [8] Trying to get property of non-object (File: /web/api/src/application/library/App/Bootstrap.php Line: [260])
[Wed, 26 Jun 13 20:40:15 -0700][ERROR] [8] Undefined variable: config (File: /web/api/src/application/library/App/Bootstrap.php Line: [260])
[Wed, 26 Jun 13 20:40:15 -0700][ERROR] [8] Trying to get property of non-object (File: /web/api/src/application/library/App/Bootstrap.php Line: [260])
[Wed, 26 Jun 13 20:40:15 -0700][ERROR] [8] Trying to get property of non-object (File: /web/api/src/application/library/App/Bootstrap.php Line: [260])
[Wed, 26 Jun 13 20:40:15 -0700][ERROR] [8] Undefined variable: config (File: /web/api/src/application/library/App/Bootstrap.php Line: [260])
[Wed, 26 Jun 13 20:40:15 -0700][ERROR] [8] Trying to get property of non-object (File: /web/api/src/application/library/App/Bootstrap.php Line: [260])
[Wed, 26 Jun 13 20:40:15 -0700][ERROR] [8] Trying to get property of non-object (File: /web/api/src/application/library/App/Bootstrap.php Line: [260])
[Wed, 26 Jun 13 20:40:15 -0700][ERROR] [8] Undefined variable: config (File: /web/api/src/application/library/App/Bootstrap.php Line: [260])
[Wed, 26 Jun 13 20:40:15 -0700][ERROR] [8] Trying to get property of non-object (File: /web/api/src/application/library/App/Bootstrap.php Line: [260])
[Wed, 26 Jun 13 20:40:15 -0700][ERROR] [8] Trying to get property of non-object (File: /web/api/src/application/library/App/Bootstrap.php Line: [260])
[Wed, 26 Jun 13 20:40:15 -0700][ERROR] [8] Undefined variable: config (File: /web/api/src/application/library/App/Bootstrap.php Line: [260])
[Wed, 26 Jun 13 20:40:15 -0700][ERROR] [8] Trying to get property of non-object (File: /web/api/src/application/library/App/Bootstrap.php Line: [260])
[Wed, 26 Jun 13 20:40:15 -0700][ERROR] [8] Trying to get property of non-object (File: /web/api/src/application/library/App/Bootstrap.php Line: [260])
[Wed, 26 Jun 13 20:40:15 -0700][ERROR] [8] Undefined variable: config (File: /web/api/src/application/library/App/Bootstrap.php Line: [260])
[Wed, 26 Jun 13 20:40:15 -0700][ERROR] [8] Trying to get property of non-object (File: /web/api/src/application/library/App/Bootstrap.php Line: [260])
[Wed, 26 Jun 13 20:40:15 -0700][ERROR] [8] Trying to get property of non-object (File: /web/api/src/application/library/App/Bootstrap.php Line: [260])
[Wed, 26 Jun 13 20:40:16 -0700][ERROR] [8] Undefined variable: config (File: /web/api/src/application/library/App/Bootstrap.php Line: [260])
[Wed, 26 Jun 13 20:40:16 -0700][ERROR] [8] Trying to get property of non-object (File: /web/api/src/application/library/App/Bootstrap.php Line: [260])
[Wed, 26 Jun 13 20:40:16 -0700][ERROR] [8] Trying to get property of non-object (File: /web/api/src/application/library/App/Bootstrap.php Line: [260])
[Wed, 26 Jun 13 20:40:16 -0700][ERROR] [8] Undefined variable: config (File: /web/api/src/application/library/App/Bootstrap.php Line: [260])
[Wed, 26 Jun 13 20:40:16 -0700][ERROR] [8] Trying to get property of non-object (File: /web/api/src/application/library/App/Bootstrap.php Line: [260])
[Wed, 26 Jun 13 20:40:16 -0700][ERROR] [8] Trying to get property of non-object (File: /web/api/src/application/library/App/Bootstrap.php Line: [260])
[Wed, 26 Jun 13 20:40:16 -0700][ERROR] [8] Undefined variable: config (File: /web/api/src/application/library/App/Bootstrap.php Line: [260])
[Wed, 26 Jun 13 20:40:16 -0700][ERROR] [8] Trying to get property of non-object (File: /web/api/src/application/library/App/Bootstrap.php Line: [260])
[Wed, 26 Jun 13 20:40:16 -0700][ERROR] [8] Trying to get property of non-object (File: /web/api/src/application/library/App/Bootstrap.php Line: [260])
[Wed, 26 Jun 13 20:40:16 -0700][ERROR] [8] Undefined variable: config (File: /web/api/src/application/library/App/Bootstrap.php Line: [260])
[Wed, 26 Jun 13 20:40:16 -0700][ERROR] [8] Trying to get property of non-object (File: /web/api/src/application/library/App/Bootstrap.php Line: [260])
[Wed, 26 Jun 13 20:40:16 -0700][ERROR] [8] Trying to get property of non-object (File: /web/api/src/application/library/App/Bootstrap.php Line: [260])
[Wed, 26 Jun 13 20:40:16 -0700][ERROR] [8] Undefined variable: config (File: /web/api/src/application/library/App/Bootstrap.php Line: [260])
[Wed, 26 Jun 13 20:40:16 -0700][ERROR] [8] Trying to get property of non-object (File: /web/api/src/application/library/App/Bootstrap.php Line: [260])
[Wed, 26 Jun 13 20:40:16 -0700][ERROR] [8] Trying to get property of non-object (File: /web/api/src/application/library/App/Bootstrap.php Line: [260])
[Wed, 26 Jun 13 20:40:17 -0700][ERROR] [8] Undefined variable: config (File: /web/api/src/application/library/App/Bootstrap.php Line: [260])
[Wed, 26 Jun 13 20:40:17 -0700][ERROR] [8] Trying to get property of non-object (File: /web/api/src/application/library/App/Bootstrap.php Line: [260])
[Wed, 26 Jun 13 20:40:17 -0700][ERROR] [8] Trying to get property of non-object (File: /web/api/src/application/library/App/Bootstrap.php Line: [260])
[Wed, 26 Jun 13 20:40:17 -0700][ERROR] [8] Undefined variable: config (File: /web/api/src/application/library/App/Bootstrap.php Line: [260])
[Wed, 26 Jun 13 20:40:17 -0700][ERROR] [8] Trying to get property of non-object (File: /web/api/src/application/library/App/Bootstrap.php Line: [260])
[Wed, 26 Jun 13 20:40:17 -0700][ERROR] [8] Trying to get property of non-object (File: /web/api/src/application/library/App/Bootstrap.php Line: [260])
[Wed, 26 Jun 13 20:40:17 -0700][ERROR] [8] Undefined variable: config (File: /web/api/src/application/library/App/Bootstrap.php Line: [260])
[Wed, 26 Jun 13 20:40:17 -0700][ERROR] [8] Trying to get property of non-object (File: /web/api/src/application/library/App/Bootstrap.php Line: [260])
[Wed, 26 Jun 13 20:40:17 -0700][ERROR] [8] Trying to get property of non-object (File: /web/api/src/application/library/App/Bootstrap.php Line: [260])
[Wed, 26 Jun 13 20:40:17 -0700][ERROR] [8] Undefined variable: config (File: /web/api/src/application/library/App/Bootstrap.php Line: [260])
[Wed, 26 Jun 13 20:40:17 -0700][ERROR] [8] Trying to get property of non-object (File: /web/api/src/application/library/App/Bootstrap.php Line: [260])
[Wed, 26 Jun 13 20:40:17 -0700][ERROR] [8] Trying to get property of non-object (File: /web/api/src/application/library/App/Bootstrap.php Line: [260])
[Wed, 26 Jun 13 20:40:17 -0700][ERROR] [8] Undefined variable: config (File: /web/api/src/application/library/App/Bootstrap.php Line: [260])
[Wed, 26 Jun 13 20:40:17 -0700][ERROR] [8] Trying to get property of non-object (File: /web/api/src/application/library/App/Bootstrap.php Line: [260])
[Wed, 26 Jun 13 20:40:17 -0700][ERROR] [8] Trying to get property of non-object (File: /web/api/src/application/library/App/Bootstrap.php Line: [260])
[Wed, 26 Jun 13 20:40:18 -0700][ERROR] [8] Undefined variable: config (File: /web/api/src/application/library/App/Bootstrap.php Line: [260])
[Wed, 26 Jun 13 20:40:18 -0700][ERROR] [8] Trying to get property of non-object (File: /web/api/src/application/library/App/Bootstrap.php Line: [260])
[Wed, 26 Jun 13 20:40:18 -0700][ERROR] [8] Trying to get property of non-object (File: /web/api/src/application/library/App/Bootstrap.php Line: [260])
[Wed, 26 Jun 13 20:40:18 -0700][ERROR] [8] Undefined variable: config (File: /web/api/src/application/library/App/Bootstrap.php Line: [260])
[Wed, 26 Jun 13 20:40:18 -0700][ERROR] [8] Trying to get property of non-object (File: /web/api/src/application/library/App/Bootstrap.php Line: [260])
[Wed, 26 Jun 13 20:40:18 -0700][ERROR] [8] Trying to get property of non-object (File: /web/api/src/application/library/App/Bootstrap.php Line: [260])
[Wed, 26 Jun 13 20:40:18 -0700][ERROR] [8] Undefined variable: config (File: /web/api/src/application/library/App/Bootstrap.php Line: [260])
[Wed, 26 Jun 13 20:40:18 -0700][ERROR] [8] Trying to get property of non-object (File: /web/api/src/application/library/App/Bootstrap.php Line: [260])
[Wed, 26 Jun 13 20:40:18 -0700][ERROR] [8] Trying to get property of non-object (File: /web/api/src/application/library/App/Bootstrap.php Line: [260])
[Wed, 26 Jun 13 20:40:18 -0700][ERROR] [8] Undefined variable: config (File: /web/api/src/application/library/App/Bootstrap.php Line: [260])
[Wed, 26 Jun 13 20:40:18 -0700][ERROR] [8] Trying to get property of non-object (File: /web/api/src/application/library/App/Bootstrap.php Line: [260])
[Wed, 26 Jun 13 20:40:18 -0700][ERROR] [8] Trying to get property of non-object (File: /web/api/src/application/library/App/Bootstrap.php Line: [260])
[Wed, 26 Jun 13 20:40:19 -0700][ERROR] [8] Undefined variable: config (File: /web/api/src/application/library/App/Bootstrap.php Line: [260])
[Wed, 26 Jun 13 20:40:19 -0700][ERROR] [8] Trying to get property of non-object (File: /web/api/src/application/library/App/Bootstrap.php Line: [260])
[Wed, 26 Jun 13 20:40:19 -0700][ERROR] [8] Trying to get property of non-object (File: /web/api/src/application/library/App/Bootstrap.php Line: [260])
[Wed, 26 Jun 13 20:40:19 -0700][ERROR] [8] Undefined variable: config (File: /web/api/src/application/library/App/Bootstrap.php Line: [260])
[Wed, 26 Jun 13 20:40:19 -0700][ERROR] [8] Trying to get property of non-object (File: /web/api/src/application/library/App/Bootstrap.php Line: [260])
[Wed, 26 Jun 13 20:40:19 -0700][ERROR] [8] Trying to get property of non-object (File: /web/api/src/application/library/App/Bootstrap.php Line: [260])
[Wed, 26 Jun 13 20:40:19 -0700][ERROR] [8] Undefined variable: config (File: /web/api/src/application/library/App/Bootstrap.php Line: [260])
[Wed, 26 Jun 13 20:40:19 -0700][ERROR] [8] Trying to get property of non-object (File: /web/api/src/application/library/App/Bootstrap.php Line: [260])
[Wed, 26 Jun 13 20:40:19 -0700][ERROR] [8] Trying to get property of non-object (File: /web/api/src/application/library/App/Bootstrap.php Line: [260])
[Wed, 26 Jun 13 20:40:20 -0700][ERROR] [8] Undefined variable: config (File: /web/api/src/application/library/App/Bootstrap.php Line: [260])
[Wed, 26 Jun 13 20:40:20 -0700][ERROR] [8] Trying to get property of non-object (File: /web/api/src/application/library/App/Bootstrap.php Line: [260])
[Wed, 26 Jun 13 20:40:20 -0700][ERROR] [8] Trying to get property of non-object (File: /web/api/src/application/library/App/Bootstrap.php Line: [260])
[Wed, 26 Jun 13 20:40:20 -0700][ERROR] [8] Undefined variable: config (File: /web/api/src/application/library/App/Bootstrap.php Line: [260])
[Wed, 26 Jun 13 20:40:20 -0700][ERROR] [8] Trying to get property of non-object (File: /web/api/src/application/library/App/Bootstrap.php Line: [260])
[Wed, 26 Jun 13 20:40:20 -0700][ERROR] [8] Trying to get property of non-object (File: /web/api/src/application/library/App/Bootstrap.php Line: [260])
[Wed, 26 Jun 13 20:40:20 -0700][ERROR] [8] Undefined variable: config (File: /web/api/src/application/library/App/Bootstrap.php Line: [260])
[Wed, 26 Jun 13 20:40:20 -0700][ERROR] [8] Trying to get property of non-object (File: /web/api/src/application/library/App/Bootstrap.php Line: [260])
[Wed, 26 Jun 13 20:40:20 -0700][ERROR] [8] Trying to get property of non-object (File: /web/api/src/application/library/App/Bootstrap.php Line: [260])
[Wed, 26 Jun 13 20:40:20 -0700][ERROR] [8] Undefined variable: config (File: /web/api/src/application/library/App/Bootstrap.php Line: [260])
[Wed, 26 Jun 13 20:40:20 -0700][ERROR] [8] Trying to get property of non-object (File: /web/api/src/application/library/App/Bootstrap.php Line: [260])
[Wed, 26 Jun 13 20:40:20 -0700][ERROR] [8] Trying to get property of non-object (File: /web/api/src/application/library/App/Bootstrap.php Line: [260])
[Wed, 26 Jun 13 20:40:20 -0700][ERROR] [8] Undefined variable: config (File: /web/api/src/application/library/App/Bootstrap.php Line: [260])
[Wed, 26 Jun 13 20:40:20 -0700][ERROR] [8] Trying to get property of non-object (File: /web/api/src/application/library/App/Bootstrap.php Line: [260])
[Wed, 26 Jun 13 20:40:20 -0700][ERROR] [8] Trying to get property of non-object (File: /web/api/src/application/library/App/Bootstrap.php Line: [260])
[Wed, 26 Jun 13 20:40:21 -0700][ERROR] [8] Undefined variable: config (File: /web/api/src/application/library/App/Bootstrap.php Line: [260])
[Wed, 26 Jun 13 20:40:21 -0700][ERROR] [8] Trying to get property of non-object (File: /web/api/src/application/library/App/Bootstrap.php Line: [260])
[Wed, 26 Jun 13 20:40:21 -0700][ERROR] [8] Trying to get property of non-object (File: /web/api/src/application/library/App/Bootstrap.php Line: [260])
[Wed, 26 Jun 13 20:40:21 -0700][ERROR] [8] Undefined variable: config (File: /web/api/src/application/library/App/Bootstrap.php Line: [260])
[Wed, 26 Jun 13 20:40:21 -0700][ERROR] [8] Trying to get property of non-object (File: /web/api/src/application/library/App/Bootstrap.php Line: [260])
[Wed, 26 Jun 13 20:40:21 -0700][ERROR] [8] Trying to get property of non-object (File: /web/api/src/application/library/App/Bootstrap.php Line: [260])
[Wed, 26 Jun 13 20:40:21 -0700][ERROR] [8] Undefined variable: config (File: /web/api/src/application/library/App/Bootstrap.php Line: [260])
[Wed, 26 Jun 13 20:40:21 -0700][ERROR] [8] Trying to get property of non-object (File: /web/api/src/application/library/App/Bootstrap.php Line: [260])
[Wed, 26 Jun 13 20:40:21 -0700][ERROR] [8] Trying to get property of non-object (File: /web/api/src/application/library/App/Bootstrap.php Line: [260])
[Wed, 26 Jun 13 20:40:21 -0700][ERROR] [8] Undefined variable: config (File: /web/api/src/application/library/App/Bootstrap.php Line: [260])
[Wed, 26 Jun 13 20:40:21 -0700][ERROR] [8] Trying to get property of non-object (File: /web/api/src/application/library/App/Bootstrap.php Line: [260])
[Wed, 26 Jun 13 20:40:21 -0700][ERROR] [8] Trying to get property of non-object (File: /web/api/src/application/library/App/Bootstrap.php Line: [260])
[Wed, 26 Jun 13 20:42:19 -0700][ERROR] [8] Undefined variable: config (File: /web/api/src/application/config/router.php Line: [4])
[Wed, 26 Jun 13 20:42:19 -0700][ERROR] [8] Trying to get property of non-object (File: /web/api/src/application/config/router.php Line: [4])
[Wed, 26 Jun 13 20:42:19 -0700][ERROR] [8] Trying to get property of non-object (File: /web/api/src/application/config/router.php Line: [4])
[Wed, 26 Jun 13 20:42:20 -0700][ERROR] [8] Undefined variable: config (File: /web/api/src/application/config/router.php Line: [4])
[Wed, 26 Jun 13 20:42:20 -0700][ERROR] [8] Trying to get property of non-object (File: /web/api/src/application/config/router.php Line: [4])
[Wed, 26 Jun 13 20:42:20 -0700][ERROR] [8] Trying to get property of non-object (File: /web/api/src/application/config/router.php Line: [4])
[Wed, 26 Jun 13 20:42:20 -0700][ERROR] [8] Undefined variable: config (File: /web/api/src/application/config/router.php Line: [4])
[Wed, 26 Jun 13 20:42:20 -0700][ERROR] [8] Trying to get property of non-object (File: /web/api/src/application/config/router.php Line: [4])
[Wed, 26 Jun 13 20:42:20 -0700][ERROR] [8] Trying to get property of non-object (File: /web/api/src/application/config/router.php Line: [4])
[Wed, 26 Jun 13 20:42:20 -0700][ERROR] [8] Undefined variable: config (File: /web/api/src/application/config/router.php Line: [4])
[Wed, 26 Jun 13 20:42:20 -0700][ERROR] [8] Trying to get property of non-object (File: /web/api/src/application/config/router.php Line: [4])
[Wed, 26 Jun 13 20:42:20 -0700][ERROR] [8] Trying to get property of non-object (File: /web/api/src/application/config/router.php Line: [4])
[Wed, 26 Jun 13 20:42:20 -0700][ERROR] [8] Undefined variable: config (File: /web/api/src/application/config/router.php Line: [4])
[Wed, 26 Jun 13 20:42:20 -0700][ERROR] [8] Trying to get property of non-object (File: /web/api/src/application/config/router.php Line: [4])
[Wed, 26 Jun 13 20:42:20 -0700][ERROR] [8] Trying to get property of non-object (File: /web/api/src/application/config/router.php Line: [4])
[Wed, 26 Jun 13 20:42:20 -0700][ERROR] [8] Undefined variable: config (File: /web/api/src/application/config/router.php Line: [4])
[Wed, 26 Jun 13 20:42:20 -0700][ERROR] [8] Trying to get property of non-object (File: /web/api/src/application/config/router.php Line: [4])
[Wed, 26 Jun 13 20:42:20 -0700][ERROR] [8] Trying to get property of non-object (File: /web/api/src/application/config/router.php Line: [4])
[Wed, 26 Jun 13 20:42:21 -0700][ERROR] [8] Undefined variable: config (File: /web/api/src/application/config/router.php Line: [4])
[Wed, 26 Jun 13 20:42:21 -0700][ERROR] [8] Trying to get property of non-object (File: /web/api/src/application/config/router.php Line: [4])
[Wed, 26 Jun 13 20:42:21 -0700][ERROR] [8] Trying to get property of non-object (File: /web/api/src/application/config/router.php Line: [4])
[Wed, 26 Jun 13 20:42:21 -0700][ERROR] [8] Undefined variable: config (File: /web/api/src/application/config/router.php Line: [4])
[Wed, 26 Jun 13 20:42:21 -0700][ERROR] [8] Trying to get property of non-object (File: /web/api/src/application/config/router.php Line: [4])
[Wed, 26 Jun 13 20:42:21 -0700][ERROR] [8] Trying to get property of non-object (File: /web/api/src/application/config/router.php Line: [4])
[Wed, 26 Jun 13 20:42:21 -0700][ERROR] [8] Undefined variable: config (File: /web/api/src/application/config/router.php Line: [4])
[Wed, 26 Jun 13 20:42:21 -0700][ERROR] [8] Trying to get property of non-object (File: /web/api/src/application/config/router.php Line: [4])
[Wed, 26 Jun 13 20:42:21 -0700][ERROR] [8] Trying to get property of non-object (File: /web/api/src/application/config/router.php Line: [4])
[Wed, 26 Jun 13 20:42:21 -0700][ERROR] [8] Undefined variable: config (File: /web/api/src/application/config/router.php Line: [4])
[Wed, 26 Jun 13 20:42:21 -0700][ERROR] [8] Trying to get property of non-object (File: /web/api/src/application/config/router.php Line: [4])
[Wed, 26 Jun 13 20:42:21 -0700][ERROR] [8] Trying to get property of non-object (File: /web/api/src/application/config/router.php Line: [4])
[Wed, 26 Jun 13 20:42:21 -0700][ERROR] [8] Undefined variable: config (File: /web/api/src/application/config/router.php Line: [4])
[Wed, 26 Jun 13 20:42:21 -0700][ERROR] [8] Trying to get property of non-object (File: /web/api/src/application/config/router.php Line: [4])
[Wed, 26 Jun 13 20:42:21 -0700][ERROR] [8] Trying to get property of non-object (File: /web/api/src/application/config/router.php Line: [4])
[Wed, 26 Jun 13 20:42:21 -0700][ERROR] [8] Undefined variable: config (File: /web/api/src/application/config/router.php Line: [4])
[Wed, 26 Jun 13 20:42:21 -0700][ERROR] [8] Trying to get property of non-object (File: /web/api/src/application/config/router.php Line: [4])
[Wed, 26 Jun 13 20:42:21 -0700][ERROR] [8] Trying to get property of non-object (File: /web/api/src/application/config/router.php Line: [4])
[Wed, 26 Jun 13 20:42:22 -0700][ERROR] [8] Undefined variable: config (File: /web/api/src/application/config/router.php Line: [4])
[Wed, 26 Jun 13 20:42:22 -0700][ERROR] [8] Trying to get property of non-object (File: /web/api/src/application/config/router.php Line: [4])
[Wed, 26 Jun 13 20:42:22 -0700][ERROR] [8] Trying to get property of non-object (File: /web/api/src/application/config/router.php Line: [4])
[Wed, 26 Jun 13 20:42:22 -0700][ERROR] [8] Undefined variable: config (File: /web/api/src/application/config/router.php Line: [4])
[Wed, 26 Jun 13 20:42:22 -0700][ERROR] [8] Trying to get property of non-object (File: /web/api/src/application/config/router.php Line: [4])
[Wed, 26 Jun 13 20:42:22 -0700][ERROR] [8] Trying to get property of non-object (File: /web/api/src/application/config/router.php Line: [4])
[Wed, 26 Jun 13 20:42:22 -0700][ERROR] [8] Undefined variable: config (File: /web/api/src/application/config/router.php Line: [4])
[Wed, 26 Jun 13 20:42:22 -0700][ERROR] [8] Trying to get property of non-object (File: /web/api/src/application/config/router.php Line: [4])
[Wed, 26 Jun 13 20:42:22 -0700][ERROR] [8] Trying to get property of non-object (File: /web/api/src/application/config/router.php Line: [4])
[Wed, 26 Jun 13 20:42:22 -0700][ERROR] [8] Undefined variable: config (File: /web/api/src/application/config/router.php Line: [4])
[Wed, 26 Jun 13 20:42:22 -0700][ERROR] [8] Trying to get property of non-object (File: /web/api/src/application/config/router.php Line: [4])
[Wed, 26 Jun 13 20:42:22 -0700][ERROR] [8] Trying to get property of non-object (File: /web/api/src/application/config/router.php Line: [4])
[Wed, 26 Jun 13 20:42:22 -0700][ERROR] [8] Undefined variable: config (File: /web/api/src/application/config/router.php Line: [4])
[Wed, 26 Jun 13 20:42:22 -0700][ERROR] [8] Trying to get property of non-object (File: /web/api/src/application/config/router.php Line: [4])
[Wed, 26 Jun 13 20:42:22 -0700][ERROR] [8] Trying to get property of non-object (File: /web/api/src/application/config/router.php Line: [4])
[Wed, 26 Jun 13 20:42:26 -0700][ERROR] [8] Undefined variable: config (File: /web/api/src/application/config/router.php Line: [4])
[Wed, 26 Jun 13 20:42:26 -0700][ERROR] [8] Trying to get property of non-object (File: /web/api/src/application/config/router.php Line: [4])
[Wed, 26 Jun 13 20:42:26 -0700][ERROR] [8] Trying to get property of non-object (File: /web/api/src/application/config/router.php Line: [4])
[Wed, 26 Jun 13 20:42:36 -0700][ERROR] [8] Undefined variable: config (File: /web/api/src/application/config/router.php Line: [4])
[Wed, 26 Jun 13 20:42:36 -0700][ERROR] [8] Trying to get property of non-object (File: /web/api/src/application/config/router.php Line: [4])
[Wed, 26 Jun 13 20:42:36 -0700][ERROR] [8] Trying to get property of non-object (File: /web/api/src/application/config/router.php Line: [4])
[Wed, 26 Jun 13 20:42:40 -0700][ERROR] [8] Undefined variable: config (File: /web/api/src/application/config/router.php Line: [4])
[Wed, 26 Jun 13 20:42:40 -0700][ERROR] [8] Trying to get property of non-object (File: /web/api/src/application/config/router.php Line: [4])
[Wed, 26 Jun 13 20:42:40 -0700][ERROR] [8] Trying to get property of non-object (File: /web/api/src/application/config/router.php Line: [4])
[Wed, 26 Jun 13 20:56:05 -0700][DEBUG] 8, Undefined variable: config, /web/api/src/application/config/router.php, 4
[Wed, 26 Jun 13 20:56:05 -0700][DEBUG] 8, Trying to get property of non-object, /web/api/src/application/config/router.php, 4
[Wed, 26 Jun 13 20:56:05 -0700][DEBUG] 8, Trying to get property of non-object, /web/api/src/application/config/router.php, 4
[Wed, 26 Jun 13 20:56:06 -0700][DEBUG] 8, Undefined variable: config, /web/api/src/application/config/router.php, 4
[Wed, 26 Jun 13 20:56:06 -0700][DEBUG] 8, Trying to get property of non-object, /web/api/src/application/config/router.php, 4
[Wed, 26 Jun 13 20:56:06 -0700][DEBUG] 8, Trying to get property of non-object, /web/api/src/application/config/router.php, 4
[Wed, 26 Jun 13 20:56:06 -0700][DEBUG] 8, Undefined variable: config, /web/api/src/application/config/router.php, 4
[Wed, 26 Jun 13 20:56:06 -0700][DEBUG] 8, Trying to get property of non-object, /web/api/src/application/config/router.php, 4
[Wed, 26 Jun 13 20:56:06 -0700][DEBUG] 8, Trying to get property of non-object, /web/api/src/application/config/router.php, 4
[Wed, 26 Jun 13 20:56:06 -0700][DEBUG] 8, Undefined variable: config, /web/api/src/application/config/router.php, 4
[Wed, 26 Jun 13 20:56:06 -0700][DEBUG] 8, Trying to get property of non-object, /web/api/src/application/config/router.php, 4
[Wed, 26 Jun 13 20:56:06 -0700][DEBUG] 8, Trying to get property of non-object, /web/api/src/application/config/router.php, 4
[Wed, 26 Jun 13 20:56:06 -0700][DEBUG] 8, Undefined variable: config, /web/api/src/application/config/router.php, 4
[Wed, 26 Jun 13 20:56:06 -0700][DEBUG] 8, Trying to get property of non-object, /web/api/src/application/config/router.php, 4
[Wed, 26 Jun 13 20:56:06 -0700][DEBUG] 8, Trying to get property of non-object, /web/api/src/application/config/router.php, 4
[Wed, 26 Jun 13 20:56:06 -0700][DEBUG] 8, Undefined variable: config, /web/api/src/application/config/router.php, 4
[Wed, 26 Jun 13 20:56:06 -0700][DEBUG] 8, Trying to get property of non-object, /web/api/src/application/config/router.php, 4
[Wed, 26 Jun 13 20:56:06 -0700][DEBUG] 8, Trying to get property of non-object, /web/api/src/application/config/router.php, 4
[Wed, 26 Jun 13 20:56:06 -0700][DEBUG] 8, Undefined variable: config, /web/api/src/application/config/router.php, 4
[Wed, 26 Jun 13 20:56:06 -0700][DEBUG] 8, Trying to get property of non-object, /web/api/src/application/config/router.php, 4
[Wed, 26 Jun 13 20:56:06 -0700][DEBUG] 8, Trying to get property of non-object, /web/api/src/application/config/router.php, 4
[Wed, 26 Jun 13 20:56:07 -0700][DEBUG] 8, Undefined variable: config, /web/api/src/application/config/router.php, 4
[Wed, 26 Jun 13 20:56:07 -0700][DEBUG] 8, Trying to get property of non-object, /web/api/src/application/config/router.php, 4
[Wed, 26 Jun 13 20:56:07 -0700][DEBUG] 8, Trying to get property of non-object, /web/api/src/application/config/router.php, 4
[Wed, 26 Jun 13 20:56:07 -0700][DEBUG] 8, Undefined variable: config, /web/api/src/application/config/router.php, 4
[Wed, 26 Jun 13 20:56:07 -0700][DEBUG] 8, Trying to get property of non-object, /web/api/src/application/config/router.php, 4
[Wed, 26 Jun 13 20:56:07 -0700][DEBUG] 8, Trying to get property of non-object, /web/api/src/application/config/router.php, 4
[Wed, 26 Jun 13 20:56:07 -0700][DEBUG] 8, Undefined variable: config, /web/api/src/application/config/router.php, 4
[Wed, 26 Jun 13 20:56:07 -0700][DEBUG] 8, Trying to get property of non-object, /web/api/src/application/config/router.php, 4
[Wed, 26 Jun 13 20:56:07 -0700][DEBUG] 8, Trying to get property of non-object, /web/api/src/application/config/router.php, 4
[Wed, 26 Jun 13 20:56:07 -0700][DEBUG] 8, Undefined variable: config, /web/api/src/application/config/router.php, 4
[Wed, 26 Jun 13 20:56:07 -0700][DEBUG] 8, Trying to get property of non-object, /web/api/src/application/config/router.php, 4
[Wed, 26 Jun 13 20:56:07 -0700][DEBUG] 8, Trying to get property of non-object, /web/api/src/application/config/router.php, 4
[Wed, 26 Jun 13 20:56:07 -0700][DEBUG] 8, Undefined variable: config, /web/api/src/application/config/router.php, 4
[Wed, 26 Jun 13 20:56:07 -0700][DEBUG] 8, Trying to get property of non-object, /web/api/src/application/config/router.php, 4
[Wed, 26 Jun 13 20:56:07 -0700][DEBUG] 8, Trying to get property of non-object, /web/api/src/application/config/router.php, 4
[Wed, 26 Jun 13 20:56:07 -0700][DEBUG] 8, Undefined variable: config, /web/api/src/application/config/router.php, 4
[Wed, 26 Jun 13 20:56:07 -0700][DEBUG] 8, Trying to get property of non-object, /web/api/src/application/config/router.php, 4
[Wed, 26 Jun 13 20:56:07 -0700][DEBUG] 8, Trying to get property of non-object, /web/api/src/application/config/router.php, 4
[Wed, 26 Jun 13 20:58:11 -0700][DEBUG] 8, Undefined variable: app, /web/api/src/application/library/App/Bootstrap.php, 81
[Wed, 26 Jun 13 20:58:24 -0700][DEBUG] 8, Undefined variable: config, /web/api/src/application/config/router.php, 4
[Wed, 26 Jun 13 20:58:24 -0700][DEBUG] 8, Trying to get property of non-object, /web/api/src/application/config/router.php, 4
[Wed, 26 Jun 13 20:58:24 -0700][DEBUG] 8, Trying to get property of non-object, /web/api/src/application/config/router.php, 4
[Wed, 26 Jun 13 20:58:25 -0700][DEBUG] 8, Undefined variable: config, /web/api/src/application/config/router.php, 4
[Wed, 26 Jun 13 20:58:25 -0700][DEBUG] 8, Trying to get property of non-object, /web/api/src/application/config/router.php, 4
[Wed, 26 Jun 13 20:58:25 -0700][DEBUG] 8, Trying to get property of non-object, /web/api/src/application/config/router.php, 4
[Wed, 26 Jun 13 20:58:25 -0700][DEBUG] 8, Undefined variable: config, /web/api/src/application/config/router.php, 4
[Wed, 26 Jun 13 20:58:25 -0700][DEBUG] 8, Trying to get property of non-object, /web/api/src/application/config/router.php, 4
[Wed, 26 Jun 13 20:58:25 -0700][DEBUG] 8, Trying to get property of non-object, /web/api/src/application/config/router.php, 4
[Wed, 26 Jun 13 20:58:25 -0700][DEBUG] 8, Undefined variable: config, /web/api/src/application/config/router.php, 4
[Wed, 26 Jun 13 20:58:25 -0700][DEBUG] 8, Trying to get property of non-object, /web/api/src/application/config/router.php, 4
[Wed, 26 Jun 13 20:58:25 -0700][DEBUG] 8, Trying to get property of non-object, /web/api/src/application/config/router.php, 4
[Wed, 26 Jun 13 20:58:25 -0700][DEBUG] 8, Undefined variable: config, /web/api/src/application/config/router.php, 4
[Wed, 26 Jun 13 20:58:25 -0700][DEBUG] 8, Trying to get property of non-object, /web/api/src/application/config/router.php, 4
[Wed, 26 Jun 13 20:58:25 -0700][DEBUG] 8, Trying to get property of non-object, /web/api/src/application/config/router.php, 4
[Wed, 26 Jun 13 20:58:25 -0700][DEBUG] 8, Undefined variable: config, /web/api/src/application/config/router.php, 4
[Wed, 26 Jun 13 20:58:25 -0700][DEBUG] 8, Trying to get property of non-object, /web/api/src/application/config/router.php, 4
[Wed, 26 Jun 13 20:58:25 -0700][DEBUG] 8, Trying to get property of non-object, /web/api/src/application/config/router.php, 4
[Wed, 26 Jun 13 20:58:25 -0700][DEBUG] 8, Undefined variable: config, /web/api/src/application/config/router.php, 4
[Wed, 26 Jun 13 20:58:25 -0700][DEBUG] 8, Trying to get property of non-object, /web/api/src/application/config/router.php, 4
[Wed, 26 Jun 13 20:58:25 -0700][DEBUG] 8, Trying to get property of non-object, /web/api/src/application/config/router.php, 4
[Wed, 26 Jun 13 20:58:25 -0700][DEBUG] 8, Undefined variable: config, /web/api/src/application/config/router.php, 4
[Wed, 26 Jun 13 20:58:25 -0700][DEBUG] 8, Trying to get property of non-object, /web/api/src/application/config/router.php, 4
[Wed, 26 Jun 13 20:58:25 -0700][DEBUG] 8, Trying to get property of non-object, /web/api/src/application/config/router.php, 4
[Wed, 26 Jun 13 20:58:26 -0700][DEBUG] 8, Undefined variable: config, /web/api/src/application/config/router.php, 4
[Wed, 26 Jun 13 20:58:26 -0700][DEBUG] 8, Trying to get property of non-object, /web/api/src/application/config/router.php, 4
[Wed, 26 Jun 13 20:58:26 -0700][DEBUG] 8, Trying to get property of non-object, /web/api/src/application/config/router.php, 4
